2020-06-23 09:12:01,077 INFO  [log] 200
2020-06-23 09:12:01,080 INFO  [log] {"success":1,"error":[],"data":{"access_token":"d3d7bd7e5db1e1d605718eecb85b4c5fe3785f3b","expires_in":86400,"token_type":"Bearer"}}
2020-06-23 09:12:01,577 INFO  [log] 200
2020-06-23 09:12:01,579 INFO  [log] {"success":1,"error":[],"data":{"user_id":"1","user_group_id":"1","username":"upskills_admin","firstname":"John","lastname":"Doe","email":"probitstechnologies@gmail.com","image":"","ip":"1.22.117.249","status":"1","date_added":"2019-11-11 07:59:33","user_group":"Administrator"}}
2020-06-23 09:12:01,585 INFO  [log] upskills_admin
2020-06-23 09:12:01,604 INFO  [log] upskills_admin
2020-06-23 09:12:02,123 INFO  [log] 200
2020-06-23 09:12:02,124 INFO  [log] {"success":1,"error":[],"data":{"user_id":"1","user_group_id":"1","username":"upskills_admin","firstname":"John","lastname":"Doe","email":"probitstechnologies@gmail.com","image":"","ip":"1.22.117.249","status":"1","date_added":"2019-11-11 07:59:33","user_group":"Administrator"}}
2020-06-23 09:12:02,130 INFO  [log] upskills_admin
2020-06-23 09:12:02,130 INFO  [log] upskills_admin
2020-06-23 09:12:02,537 INFO  [log] 200
2020-06-23 09:12:02,538 INFO  [log] {"success":1,"error":[],"data":[]}
2020-06-23 09:12:02,540 INFO  [log] 1
2020-06-23 09:12:02,869 INFO  [log] upskills_admin
2020-06-23 09:12:02,870 INFO  [log] Talent4$$
2020-06-23 09:12:03,239 INFO  [log] 200
2020-06-23 09:12:03,240 INFO  [log] {"success":1,"error":[],"data":{"user_id":"1","user_group_id":"1","username":"upskills_admin","firstname":"John","lastname":"Doe","email":"probitstechnologies@gmail.com","image":"","ip":"1.22.117.249","status":"1","date_added":"2019-11-11 07:59:33","user_group":"Administrator"}}
2020-06-23 09:12:03,248 INFO  [log] upskills_admin
2020-06-23 09:12:03,250 INFO  [log] upskills_admin
2020-06-23 09:12:03,643 INFO  [log] 200
2020-06-23 09:12:03,644 INFO  [log] {"success":1,"error":[],"data":{"user_id":"1","user_group_id":"1","username":"upskills_admin","firstname":"John","lastname":"Doe","email":"probitstechnologies@gmail.com","image":"","ip":"1.22.117.249","status":"1","date_added":"2019-11-11 07:59:33","user_group":"Administrator"}}
2020-06-23 09:12:03,650 INFO  [log] upskills_admin
2020-06-23 09:12:03,652 INFO  [log] upskills_admin
2020-06-23 09:12:04,048 INFO  [log] 200
2020-06-23 09:12:04,049 INFO  [log] {"success":1,"error":[],"data":[]}
2020-06-23 09:12:04,050 INFO  [log] 1
2020-06-23 09:12:04,066 INFO  [log] Status : FINISHED, time taken for testcase is 1098 ms
2020-06-23 09:12:04,099 INFO  [log] number of tets steps executed are : 3
2020-06-23 09:12:05,359 INFO  [log] 200
2020-06-23 09:12:05,359 INFO  [log] {"success":1,"error":[],"data":{"access_token":"329048a8b245df482e77004e365d7b61ff683854","expires_in":86400,"token_type":"Bearer"}}
2020-06-23 09:12:06,306 INFO  [log] 911
2020-06-23 09:12:06,736 INFO  [log] 1520
2020-06-23 09:12:07,654 INFO  [log] {"success":1,"error":[],"data":{"id":376}}
2020-06-23 09:12:09,992 INFO  [log] 200
2020-06-23 09:12:09,992 INFO  [log] {"success":1,"error":[],"data":{"access_token":"eb5abbc590155eb6345039a16a964689969b48a0","expires_in":86400,"token_type":"Bearer"}}
2020-06-23 09:12:10,744 INFO  [log]  Total number of rows 2
2020-06-23 09:12:10,744 INFO  [log]  Total number of columns 2
2020-06-23 09:12:10,746 INFO  [log] nymishnn@gmail.com
2020-06-23 09:12:10,750 INFO  [log] prodtvk
2020-06-23 09:12:11,114 INFO  [log] 200
2020-06-23 09:12:11,116 INFO  [log] {"success":1,"error":[],"data":{"access_token":"714ca16fdf98ed7e1093b40b1a58e34f1731e8f5","expires_in":86400,"token_type":"Bearer"}}
2020-06-23 09:12:12,034 INFO  [log] 912
2020-06-23 09:12:12,349 INFO  [log] 1521
2020-06-23 09:12:13,265 INFO  [log] {"success":1,"error":[],"data":{"id":377}}
2020-06-23 09:12:15,143 INFO  [log] Status : FINISHED, time taken for testcase is 2996 ms
2020-06-23 09:12:15,147 INFO  [log] number of tets steps executed are : 7
2020-06-23 09:12:15,195 INFO  [log] 7
2020-06-23 09:12:16,016 INFO  [log] praharsha@gmail.com
2020-06-23 09:12:16,017 INFO  [log] smartTV
2020-06-23 09:12:16,439 INFO  [log] 200
2020-06-23 09:12:16,440 INFO  [log] {"success":1,"error":[],"data":{"access_token":"9cf73fd24e2d3bb53f0555aa2d66cae95e3a4e2f","expires_in":86400,"token_type":"Bearer"}}
2020-06-23 09:12:17,264 INFO  [log] []
2020-06-23 09:24:10,781 INFO  [log] 200
2020-06-23 09:24:10,787 INFO  [log] {"success":1,"error":[],"data":{"access_token":"fbf1c66bb0223202804023c767080464ae45fb5c","expires_in":86400,"token_type":"Bearer"}}
2020-06-23 09:24:11,329 INFO  [log] 200
2020-06-23 09:24:11,329 INFO  [log] {"success":1,"error":[],"data":{"user_id":"1","user_group_id":"1","username":"upskills_admin","firstname":"John","lastname":"Doe","email":"probitstechnologies@gmail.com","image":"","ip":"1.22.117.249","status":"1","date_added":"2019-11-11 07:59:33","user_group":"Administrator"}}
2020-06-23 09:24:11,335 INFO  [log] upskills_admin
2020-06-23 09:24:11,335 INFO  [log] upskills_admin
2020-06-23 09:24:11,738 INFO  [log] 200
2020-06-23 09:24:11,739 INFO  [log] {"success":1,"error":[],"data":{"user_id":"1","user_group_id":"1","username":"upskills_admin","firstname":"John","lastname":"Doe","email":"probitstechnologies@gmail.com","image":"","ip":"1.22.117.249","status":"1","date_added":"2019-11-11 07:59:33","user_group":"Administrator"}}
2020-06-23 09:24:11,742 INFO  [log] upskills_admin
2020-06-23 09:24:11,745 INFO  [log] upskills_admin
2020-06-23 09:24:12,148 INFO  [log] 200
2020-06-23 09:24:12,149 INFO  [log] {"success":1,"error":[],"data":[]}
2020-06-23 09:24:12,151 INFO  [log] 1
2020-06-23 09:24:12,446 INFO  [log] upskills_admin
2020-06-23 09:24:12,446 INFO  [log] Talent4$$
2020-06-23 09:24:12,835 INFO  [log] 200
2020-06-23 09:24:12,836 INFO  [log] {"success":1,"error":[],"data":{"user_id":"1","user_group_id":"1","username":"upskills_admin","firstname":"John","lastname":"Doe","email":"probitstechnologies@gmail.com","image":"","ip":"1.22.117.249","status":"1","date_added":"2019-11-11 07:59:33","user_group":"Administrator"}}
2020-06-23 09:24:12,844 INFO  [log] upskills_admin
2020-06-23 09:24:12,846 INFO  [log] upskills_admin
2020-06-23 09:24:13,239 INFO  [log] 200
2020-06-23 09:24:13,239 INFO  [log] {"success":1,"error":[],"data":{"user_id":"1","user_group_id":"1","username":"upskills_admin","firstname":"John","lastname":"Doe","email":"probitstechnologies@gmail.com","image":"","ip":"1.22.117.249","status":"1","date_added":"2019-11-11 07:59:33","user_group":"Administrator"}}
2020-06-23 09:24:13,246 INFO  [log] upskills_admin
2020-06-23 09:24:13,246 INFO  [log] upskills_admin
2020-06-23 09:24:13,653 INFO  [log] 200
2020-06-23 09:24:13,653 INFO  [log] {"success":1,"error":[],"data":[]}
2020-06-23 09:24:13,654 INFO  [log] 1
2020-06-23 09:24:13,673 INFO  [log] Status : FINISHED, time taken for testcase is 1110 ms
2020-06-23 09:24:13,683 INFO  [log] number of tets steps executed are : 3
2020-06-23 09:24:14,775 INFO  [log] 200
2020-06-23 09:24:14,777 INFO  [log] {"success":1,"error":[],"data":{"access_token":"4a3029b45649b18cd5b61f54eca9a9a8a23fcfa6","expires_in":86400,"token_type":"Bearer"}}
2020-06-23 09:24:15,646 INFO  [log] 924
2020-06-23 09:24:16,033 INFO  [log] 1532
2020-06-23 09:24:16,958 INFO  [log] {"success":1,"error":[],"data":{"id":388}}
2020-06-23 09:24:19,352 INFO  [log] 200
2020-06-23 09:24:19,353 INFO  [log] {"success":1,"error":[],"data":{"access_token":"b6252b9801f2d81bd1f5edfc7a091bd01cabaf71","expires_in":86400,"token_type":"Bearer"}}
2020-06-23 09:24:20,019 INFO  [log]  Total number of rows 2
2020-06-23 09:24:20,019 INFO  [log]  Total number of columns 2
2020-06-23 09:24:20,021 INFO  [log] nymishnn@gmail.com
2020-06-23 09:24:20,025 INFO  [log] prodtvk
2020-06-23 09:24:20,400 INFO  [log] 200
2020-06-23 09:24:20,402 INFO  [log] {"success":1,"error":[],"data":{"access_token":"4ed86ee0cbbb7e98b773694332cced687c44e346","expires_in":86400,"token_type":"Bearer"}}
2020-06-23 09:24:21,219 INFO  [log] 925
2020-06-23 09:24:21,569 INFO  [log] 1533
2020-06-23 09:24:22,345 INFO  [log] {"success":1,"error":[],"data":{"id":389}}
2020-06-23 09:24:24,420 INFO  [log] Status : FINISHED, time taken for testcase is 2957 ms
2020-06-23 09:24:24,427 INFO  [log] number of tets steps executed are : 7
2020-06-23 09:24:24,449 INFO  [log] 7
2020-06-23 09:24:25,114 INFO  [log] praharshan@gmail.com
2020-06-23 09:24:25,115 INFO  [log] ModernTable
2020-06-23 09:24:25,523 INFO  [log] 200
2020-06-23 09:24:25,524 INFO  [log] {"success":1,"error":[],"data":{"access_token":"8303088befdf31874abab21a336b33bf93b9ef5c","expires_in":86400,"token_type":"Bearer"}}
2020-06-23 09:24:26,356 INFO  [log] 926
2020-06-23 09:24:26,754 INFO  [log] 1534
2020-06-23 09:24:27,475 INFO  [log] {"success":1,"error":[],"data":{"id":390}}
