2020-06-23 09:24:01,827 WARN  [SoapUI] Missing folder [C:\Users\NymishaNunna\Desktop\projects\REST_PROJECT\ext] for external libraries
2020-06-23 09:24:02,011 INFO  [DefaultSoapUICore] initialized soapui-settings from [C:\Users\NymishaNunna\soapui-settings.xml]
2020-06-23 09:24:04,249 INFO  [PluginManager] Adding plugin from [C:\Users\NymishaNunna\.soapuios\plugins\ready-mqtt-plugin-dist.jar]
2020-06-23 09:24:04,249 INFO  [PluginManager] Adding plugin from [C:\Users\NymishaNunna\.soapuios\plugins\soapui-swagger-plugin-2.2-dist.jar]
2020-06-23 09:24:05,292 ERROR [SoapUI] An error occurred [com.eviware.soapui.plugins.auto.factories.AutoImportMethodFactory], see error log for details
2020-06-23 09:24:05,293 ERROR [errorlog] java.lang.ClassNotFoundException: com.eviware.soapui.plugins.auto.factories.AutoImportMethodFactory
java.lang.ClassNotFoundException: com.eviware.soapui.plugins.auto.factories.AutoImportMethodFactory
	at org.codehaus.plexus.classworlds.strategy.SelfFirstStrategy.loadClass(SelfFirstStrategy.java:50)
	at org.codehaus.plexus.classworlds.realm.ClassRealm.unsynchronizedLoadClass(ClassRealm.java:271)
	at org.codehaus.plexus.classworlds.realm.ClassRealm.loadClass(ClassRealm.java:247)
	at org.codehaus.plexus.classworlds.realm.ClassRealm.loadClass(ClassRealm.java:239)
	at java.lang.Class.forName0(Native Method)
	at java.lang.Class.forName(Class.java:264)
	at com.eviware.soapui.plugins.LoaderBase.loadAutoFactories(LoaderBase.java:113)
	at com.eviware.soapui.plugins.LoaderBase.loadFactories(LoaderBase.java:80)
	at com.eviware.soapui.plugins.PluginLoader.loadPluginFactories(PluginLoader.java:141)
	at com.eviware.soapui.plugins.PluginLoader.loadPlugin(PluginLoader.java:104)
	at com.eviware.soapui.plugins.PluginLoader.loadPlugin(PluginLoader.java:54)
	at com.eviware.soapui.plugins.PluginManager.doInstallPlugin(PluginManager.java:141)
	at com.eviware.soapui.plugins.PluginManager.access$600(PluginManager.java:43)
	at com.eviware.soapui.plugins.PluginManager$LoadPluginsTask.computeSequentially(PluginManager.java:420)
	at com.eviware.soapui.plugins.PluginManager$LoadPluginsTask.compute(PluginManager.java:377)
	at com.eviware.soapui.plugins.PluginManager$LoadPluginsTask.compute(PluginManager.java:382)
	at com.eviware.soapui.plugins.PluginManager$LoadPluginsTask.compute(PluginManager.java:365)
	at java.util.concurrent.RecursiveTask.exec(RecursiveTask.java:94)
	at java.util.concurrent.ForkJoinTask.doExec(ForkJoinTask.java:289)
	at java.util.concurrent.ForkJoinPool$WorkQueue.runTask(ForkJoinPool.java:1056)
	at java.util.concurrent.ForkJoinPool.runWorker(ForkJoinPool.java:1692)
	at java.util.concurrent.ForkJoinWorkerThread.run(ForkJoinWorkerThread.java:157)
2020-06-23 09:24:05,441 ERROR [SoapUI] An error occurred [com.eviware.soapui.plugins.auto.factories.AutoDiscoveryMethodFactory], see error log for details
2020-06-23 09:24:05,441 ERROR [errorlog] java.lang.ClassNotFoundException: com.eviware.soapui.plugins.auto.factories.AutoDiscoveryMethodFactory
java.lang.ClassNotFoundException: com.eviware.soapui.plugins.auto.factories.AutoDiscoveryMethodFactory
	at org.codehaus.plexus.classworlds.strategy.SelfFirstStrategy.loadClass(SelfFirstStrategy.java:50)
	at org.codehaus.plexus.classworlds.realm.ClassRealm.unsynchronizedLoadClass(ClassRealm.java:271)
	at org.codehaus.plexus.classworlds.realm.ClassRealm.loadClass(ClassRealm.java:247)
	at org.codehaus.plexus.classworlds.realm.ClassRealm.loadClass(ClassRealm.java:239)
	at java.lang.Class.forName0(Native Method)
	at java.lang.Class.forName(Class.java:264)
	at com.eviware.soapui.plugins.LoaderBase.loadAutoFactories(LoaderBase.java:113)
	at com.eviware.soapui.plugins.LoaderBase.loadFactories(LoaderBase.java:80)
	at com.eviware.soapui.plugins.PluginLoader.loadPluginFactories(PluginLoader.java:141)
	at com.eviware.soapui.plugins.PluginLoader.loadPlugin(PluginLoader.java:104)
	at com.eviware.soapui.plugins.PluginLoader.loadPlugin(PluginLoader.java:54)
	at com.eviware.soapui.plugins.PluginManager.doInstallPlugin(PluginManager.java:141)
	at com.eviware.soapui.plugins.PluginManager.access$600(PluginManager.java:43)
	at com.eviware.soapui.plugins.PluginManager$LoadPluginsTask.computeSequentially(PluginManager.java:420)
	at com.eviware.soapui.plugins.PluginManager$LoadPluginsTask.compute(PluginManager.java:377)
	at com.eviware.soapui.plugins.PluginManager$LoadPluginsTask.compute(PluginManager.java:382)
	at com.eviware.soapui.plugins.PluginManager$LoadPluginsTask.compute(PluginManager.java:365)
	at java.util.concurrent.RecursiveTask.exec(RecursiveTask.java:94)
	at java.util.concurrent.ForkJoinTask.doExec(ForkJoinTask.java:289)
	at java.util.concurrent.ForkJoinPool$WorkQueue.runTask(ForkJoinPool.java:1056)
	at java.util.concurrent.ForkJoinPool.runWorker(ForkJoinPool.java:1692)
	at java.util.concurrent.ForkJoinWorkerThread.run(ForkJoinWorkerThread.java:157)
2020-06-23 09:24:05,536 ERROR [SoapUI] An error occurred [com.eviware.soapui.plugins.auto.factories.AutoImportMethodFactory], see error log for details
2020-06-23 09:24:05,536 ERROR [errorlog] java.lang.ClassNotFoundException: com.eviware.soapui.plugins.auto.factories.AutoImportMethodFactory
java.lang.ClassNotFoundException: com.eviware.soapui.plugins.auto.factories.AutoImportMethodFactory
	at org.codehaus.plexus.classworlds.strategy.SelfFirstStrategy.loadClass(SelfFirstStrategy.java:50)
	at org.codehaus.plexus.classworlds.realm.ClassRealm.unsynchronizedLoadClass(ClassRealm.java:271)
	at org.codehaus.plexus.classworlds.realm.ClassRealm.loadClass(ClassRealm.java:247)
	at org.codehaus.plexus.classworlds.realm.ClassRealm.loadClass(ClassRealm.java:239)
	at java.lang.Class.forName0(Native Method)
	at java.lang.Class.forName(Class.java:264)
	at com.eviware.soapui.plugins.LoaderBase.loadAutoFactories(LoaderBase.java:113)
	at com.eviware.soapui.plugins.LoaderBase.loadFactories(LoaderBase.java:80)
	at com.eviware.soapui.plugins.PluginLoader.loadPluginFactories(PluginLoader.java:141)
	at com.eviware.soapui.plugins.PluginLoader.loadPlugin(PluginLoader.java:104)
	at com.eviware.soapui.plugins.PluginLoader.loadPlugin(PluginLoader.java:54)
	at com.eviware.soapui.plugins.PluginManager.doInstallPlugin(PluginManager.java:141)
	at com.eviware.soapui.plugins.PluginManager.access$600(PluginManager.java:43)
	at com.eviware.soapui.plugins.PluginManager$LoadPluginsTask.computeSequentially(PluginManager.java:420)
	at com.eviware.soapui.plugins.PluginManager$LoadPluginsTask.compute(PluginManager.java:377)
	at com.eviware.soapui.plugins.PluginManager$LoadPluginsTask.compute(PluginManager.java:365)
	at java.util.concurrent.RecursiveTask.exec(RecursiveTask.java:94)
	at java.util.concurrent.ForkJoinTask.doExec(ForkJoinTask.java:289)
	at java.util.concurrent.ForkJoinPool$WorkQueue.runTask(ForkJoinPool.java:1056)
	at java.util.concurrent.ForkJoinPool.runWorker(ForkJoinPool.java:1692)
	at java.util.concurrent.ForkJoinWorkerThread.run(ForkJoinWorkerThread.java:157)
2020-06-23 09:24:05,589 INFO  [PluginManager] Adding plugin from [C:\Users\NymishaNunna\.soapuios\plugins\ready-uxm-plugin-1.0.1-dist.jar]
2020-06-23 09:24:05,693 ERROR [SoapUI] An error occurred [com.eviware.soapui.plugins.auto.factories.AutoDiscoveryMethodFactory], see error log for details
2020-06-23 09:24:05,694 ERROR [errorlog] java.lang.ClassNotFoundException: com.eviware.soapui.plugins.auto.factories.AutoDiscoveryMethodFactory
java.lang.ClassNotFoundException: com.eviware.soapui.plugins.auto.factories.AutoDiscoveryMethodFactory
	at org.codehaus.plexus.classworlds.strategy.SelfFirstStrategy.loadClass(SelfFirstStrategy.java:50)
	at org.codehaus.plexus.classworlds.realm.ClassRealm.unsynchronizedLoadClass(ClassRealm.java:271)
	at org.codehaus.plexus.classworlds.realm.ClassRealm.loadClass(ClassRealm.java:247)
	at org.codehaus.plexus.classworlds.realm.ClassRealm.loadClass(ClassRealm.java:239)
	at java.lang.Class.forName0(Native Method)
	at java.lang.Class.forName(Class.java:264)
	at com.eviware.soapui.plugins.LoaderBase.loadAutoFactories(LoaderBase.java:113)
	at com.eviware.soapui.plugins.LoaderBase.loadFactories(LoaderBase.java:80)
	at com.eviware.soapui.plugins.PluginLoader.loadPluginFactories(PluginLoader.java:141)
	at com.eviware.soapui.plugins.PluginLoader.loadPlugin(PluginLoader.java:104)
	at com.eviware.soapui.plugins.PluginLoader.loadPlugin(PluginLoader.java:54)
	at com.eviware.soapui.plugins.PluginManager.doInstallPlugin(PluginManager.java:141)
	at com.eviware.soapui.plugins.PluginManager.access$600(PluginManager.java:43)
	at com.eviware.soapui.plugins.PluginManager$LoadPluginsTask.computeSequentially(PluginManager.java:420)
	at com.eviware.soapui.plugins.PluginManager$LoadPluginsTask.compute(PluginManager.java:377)
	at com.eviware.soapui.plugins.PluginManager$LoadPluginsTask.compute(PluginManager.java:365)
	at java.util.concurrent.RecursiveTask.exec(RecursiveTask.java:94)
	at java.util.concurrent.ForkJoinTask.doExec(ForkJoinTask.java:289)
	at java.util.concurrent.ForkJoinPool$WorkQueue.runTask(ForkJoinPool.java:1056)
	at java.util.concurrent.ForkJoinPool.runWorker(ForkJoinPool.java:1692)
	at java.util.concurrent.ForkJoinWorkerThread.run(ForkJoinWorkerThread.java:157)
2020-06-23 09:24:05,843 INFO  [PluginManager] Adding plugin from [C:\Users\NymishaNunna\.soapuios\plugins\readyapi-postman-1.0.1.jar]
2020-06-23 09:24:06,801 ERROR [SoapUI] An error occurred [com.eviware.soapui.plugins.auto.factories.AutoImportMethodFactory], see error log for details
2020-06-23 09:24:06,802 ERROR [errorlog] java.lang.ClassNotFoundException: com.eviware.soapui.plugins.auto.factories.AutoImportMethodFactory
java.lang.ClassNotFoundException: com.eviware.soapui.plugins.auto.factories.AutoImportMethodFactory
	at org.codehaus.plexus.classworlds.strategy.SelfFirstStrategy.loadClass(SelfFirstStrategy.java:50)
	at org.codehaus.plexus.classworlds.realm.ClassRealm.unsynchronizedLoadClass(ClassRealm.java:271)
	at org.codehaus.plexus.classworlds.realm.ClassRealm.loadClass(ClassRealm.java:247)
	at org.codehaus.plexus.classworlds.realm.ClassRealm.loadClass(ClassRealm.java:239)
	at java.lang.Class.forName0(Native Method)
	at java.lang.Class.forName(Class.java:264)
	at com.eviware.soapui.plugins.LoaderBase.loadAutoFactories(LoaderBase.java:113)
	at com.eviware.soapui.plugins.LoaderBase.loadFactories(LoaderBase.java:80)
	at com.eviware.soapui.plugins.PluginLoader.loadPluginFactories(PluginLoader.java:141)
	at com.eviware.soapui.plugins.PluginLoader.loadPlugin(PluginLoader.java:104)
	at com.eviware.soapui.plugins.PluginLoader.loadPlugin(PluginLoader.java:54)
	at com.eviware.soapui.plugins.PluginManager.doInstallPlugin(PluginManager.java:141)
	at com.eviware.soapui.plugins.PluginManager.access$600(PluginManager.java:43)
	at com.eviware.soapui.plugins.PluginManager$LoadPluginsTask.computeSequentially(PluginManager.java:420)
	at com.eviware.soapui.plugins.PluginManager$LoadPluginsTask.compute(PluginManager.java:377)
	at com.eviware.soapui.plugins.PluginManager$LoadPluginsTask.compute(PluginManager.java:365)
	at java.util.concurrent.RecursiveTask.exec(RecursiveTask.java:94)
	at java.util.concurrent.ForkJoinTask.doExec(ForkJoinTask.java:289)
	at java.util.concurrent.ForkJoinPool$WorkQueue.runTask(ForkJoinPool.java:1056)
	at java.util.concurrent.ForkJoinPool.runWorker(ForkJoinPool.java:1692)
	at java.util.concurrent.ForkJoinWorkerThread.run(ForkJoinWorkerThread.java:157)
2020-06-23 09:24:06,873 ERROR [SoapUI] An error occurred [com.eviware.soapui.plugins.auto.factories.AutoImportMethodFactory], see error log for details
2020-06-23 09:24:06,879 ERROR [errorlog] java.lang.ClassNotFoundException: com.eviware.soapui.plugins.auto.factories.AutoImportMethodFactory
java.lang.ClassNotFoundException: com.eviware.soapui.plugins.auto.factories.AutoImportMethodFactory
	at org.codehaus.plexus.classworlds.strategy.SelfFirstStrategy.loadClass(SelfFirstStrategy.java:50)
	at org.codehaus.plexus.classworlds.realm.ClassRealm.unsynchronizedLoadClass(ClassRealm.java:271)
	at org.codehaus.plexus.classworlds.realm.ClassRealm.loadClass(ClassRealm.java:247)
	at org.codehaus.plexus.classworlds.realm.ClassRealm.loadClass(ClassRealm.java:239)
	at java.lang.Class.forName0(Native Method)
	at java.lang.Class.forName(Class.java:264)
	at com.eviware.soapui.plugins.LoaderBase.loadAutoFactories(LoaderBase.java:113)
	at com.eviware.soapui.plugins.LoaderBase.loadFactories(LoaderBase.java:80)
	at com.eviware.soapui.plugins.PluginLoader.loadPluginFactories(PluginLoader.java:141)
	at com.eviware.soapui.plugins.PluginLoader.loadPlugin(PluginLoader.java:104)
	at com.eviware.soapui.plugins.PluginLoader.loadPlugin(PluginLoader.java:54)
	at com.eviware.soapui.plugins.PluginManager.doInstallPlugin(PluginManager.java:141)
	at com.eviware.soapui.plugins.PluginManager.access$600(PluginManager.java:43)
	at com.eviware.soapui.plugins.PluginManager$LoadPluginsTask.computeSequentially(PluginManager.java:420)
	at com.eviware.soapui.plugins.PluginManager$LoadPluginsTask.compute(PluginManager.java:377)
	at com.eviware.soapui.plugins.PluginManager$LoadPluginsTask.compute(PluginManager.java:382)
	at com.eviware.soapui.plugins.PluginManager$LoadPluginsTask.compute(PluginManager.java:365)
	at java.util.concurrent.RecursiveTask.exec(RecursiveTask.java:94)
	at java.util.concurrent.ForkJoinTask.doExec(ForkJoinTask.java:289)
	at java.util.concurrent.ForkJoinPool$WorkQueue.runTask(ForkJoinPool.java:1056)
	at java.util.concurrent.ForkJoinPool.runWorker(ForkJoinPool.java:1692)
	at java.util.concurrent.ForkJoinWorkerThread.run(ForkJoinWorkerThread.java:157)
2020-06-23 09:24:07,120 ERROR [SoapUI] An error occurred [com.eviware.soapui.plugins.auto.factories.AutoDiscoveryMethodFactory], see error log for details
2020-06-23 09:24:07,126 ERROR [errorlog] java.lang.ClassNotFoundException: com.eviware.soapui.plugins.auto.factories.AutoDiscoveryMethodFactory
java.lang.ClassNotFoundException: com.eviware.soapui.plugins.auto.factories.AutoDiscoveryMethodFactory
	at org.codehaus.plexus.classworlds.strategy.SelfFirstStrategy.loadClass(SelfFirstStrategy.java:50)
	at org.codehaus.plexus.classworlds.realm.ClassRealm.unsynchronizedLoadClass(ClassRealm.java:271)
	at org.codehaus.plexus.classworlds.realm.ClassRealm.loadClass(ClassRealm.java:247)
	at org.codehaus.plexus.classworlds.realm.ClassRealm.loadClass(ClassRealm.java:239)
	at java.lang.Class.forName0(Native Method)
	at java.lang.Class.forName(Class.java:264)
	at com.eviware.soapui.plugins.LoaderBase.loadAutoFactories(LoaderBase.java:113)
	at com.eviware.soapui.plugins.LoaderBase.loadFactories(LoaderBase.java:80)
	at com.eviware.soapui.plugins.PluginLoader.loadPluginFactories(PluginLoader.java:141)
	at com.eviware.soapui.plugins.PluginLoader.loadPlugin(PluginLoader.java:104)
	at com.eviware.soapui.plugins.PluginLoader.loadPlugin(PluginLoader.java:54)
	at com.eviware.soapui.plugins.PluginManager.doInstallPlugin(PluginManager.java:141)
	at com.eviware.soapui.plugins.PluginManager.access$600(PluginManager.java:43)
	at com.eviware.soapui.plugins.PluginManager$LoadPluginsTask.computeSequentially(PluginManager.java:420)
	at com.eviware.soapui.plugins.PluginManager$LoadPluginsTask.compute(PluginManager.java:377)
	at com.eviware.soapui.plugins.PluginManager$LoadPluginsTask.compute(PluginManager.java:365)
	at java.util.concurrent.RecursiveTask.exec(RecursiveTask.java:94)
	at java.util.concurrent.ForkJoinTask.doExec(ForkJoinTask.java:289)
	at java.util.concurrent.ForkJoinPool$WorkQueue.runTask(ForkJoinPool.java:1056)
	at java.util.concurrent.ForkJoinPool.runWorker(ForkJoinPool.java:1692)
	at java.util.concurrent.ForkJoinWorkerThread.run(ForkJoinWorkerThread.java:157)
2020-06-23 09:24:07,317 ERROR [SoapUI] An error occurred [com.eviware.soapui.plugins.auto.factories.AutoDiscoveryMethodFactory], see error log for details
2020-06-23 09:24:07,321 ERROR [errorlog] java.lang.ClassNotFoundException: com.eviware.soapui.plugins.auto.factories.AutoDiscoveryMethodFactory
java.lang.ClassNotFoundException: com.eviware.soapui.plugins.auto.factories.AutoDiscoveryMethodFactory
	at org.codehaus.plexus.classworlds.strategy.SelfFirstStrategy.loadClass(SelfFirstStrategy.java:50)
	at org.codehaus.plexus.classworlds.realm.ClassRealm.unsynchronizedLoadClass(ClassRealm.java:271)
	at org.codehaus.plexus.classworlds.realm.ClassRealm.loadClass(ClassRealm.java:247)
	at org.codehaus.plexus.classworlds.realm.ClassRealm.loadClass(ClassRealm.java:239)
	at java.lang.Class.forName0(Native Method)
	at java.lang.Class.forName(Class.java:264)
	at com.eviware.soapui.plugins.LoaderBase.loadAutoFactories(LoaderBase.java:113)
	at com.eviware.soapui.plugins.LoaderBase.loadFactories(LoaderBase.java:80)
	at com.eviware.soapui.plugins.PluginLoader.loadPluginFactories(PluginLoader.java:141)
	at com.eviware.soapui.plugins.PluginLoader.loadPlugin(PluginLoader.java:104)
	at com.eviware.soapui.plugins.PluginLoader.loadPlugin(PluginLoader.java:54)
	at com.eviware.soapui.plugins.PluginManager.doInstallPlugin(PluginManager.java:141)
	at com.eviware.soapui.plugins.PluginManager.access$600(PluginManager.java:43)
	at com.eviware.soapui.plugins.PluginManager$LoadPluginsTask.computeSequentially(PluginManager.java:420)
	at com.eviware.soapui.plugins.PluginManager$LoadPluginsTask.compute(PluginManager.java:377)
	at com.eviware.soapui.plugins.PluginManager$LoadPluginsTask.compute(PluginManager.java:382)
	at com.eviware.soapui.plugins.PluginManager$LoadPluginsTask.compute(PluginManager.java:365)
	at java.util.concurrent.RecursiveTask.exec(RecursiveTask.java:94)
	at java.util.concurrent.ForkJoinTask.doExec(ForkJoinTask.java:289)
	at java.util.concurrent.ForkJoinPool$WorkQueue.runTask(ForkJoinPool.java:1056)
	at java.util.concurrent.ForkJoinPool.runWorker(ForkJoinPool.java:1692)
	at java.util.concurrent.ForkJoinWorkerThread.run(ForkJoinWorkerThread.java:157)
2020-06-23 09:24:07,575 INFO  [PluginManager] Adding plugin from [C:\Users\NymishaNunna\.soapuios\plugins\readyapi-swaggerhub-plugin-1.0.jar]
2020-06-23 09:24:08,133 ERROR [SoapUI] An error occurred [com.eviware.soapui.plugins.auto.factories.AutoImportMethodFactory], see error log for details
2020-06-23 09:24:08,133 ERROR [errorlog] java.lang.ClassNotFoundException: com.eviware.soapui.plugins.auto.factories.AutoImportMethodFactory
java.lang.ClassNotFoundException: com.eviware.soapui.plugins.auto.factories.AutoImportMethodFactory
	at org.codehaus.plexus.classworlds.strategy.SelfFirstStrategy.loadClass(SelfFirstStrategy.java:50)
	at org.codehaus.plexus.classworlds.realm.ClassRealm.unsynchronizedLoadClass(ClassRealm.java:271)
	at org.codehaus.plexus.classworlds.realm.ClassRealm.loadClass(ClassRealm.java:247)
	at org.codehaus.plexus.classworlds.realm.ClassRealm.loadClass(ClassRealm.java:239)
	at java.lang.Class.forName0(Native Method)
	at java.lang.Class.forName(Class.java:264)
	at com.eviware.soapui.plugins.LoaderBase.loadAutoFactories(LoaderBase.java:113)
	at com.eviware.soapui.plugins.LoaderBase.loadFactories(LoaderBase.java:80)
	at com.eviware.soapui.plugins.PluginLoader.loadPluginFactories(PluginLoader.java:141)
	at com.eviware.soapui.plugins.PluginLoader.loadPlugin(PluginLoader.java:104)
	at com.eviware.soapui.plugins.PluginLoader.loadPlugin(PluginLoader.java:54)
	at com.eviware.soapui.plugins.PluginManager.doInstallPlugin(PluginManager.java:141)
	at com.eviware.soapui.plugins.PluginManager.access$600(PluginManager.java:43)
	at com.eviware.soapui.plugins.PluginManager$LoadPluginsTask.computeSequentially(PluginManager.java:420)
	at com.eviware.soapui.plugins.PluginManager$LoadPluginsTask.compute(PluginManager.java:377)
	at com.eviware.soapui.plugins.PluginManager$LoadPluginsTask.compute(PluginManager.java:382)
	at com.eviware.soapui.plugins.PluginManager$LoadPluginsTask.compute(PluginManager.java:365)
	at java.util.concurrent.RecursiveTask.exec(RecursiveTask.java:94)
	at java.util.concurrent.ForkJoinTask.doExec(ForkJoinTask.java:289)
	at java.util.concurrent.ForkJoinPool$WorkQueue.runTask(ForkJoinPool.java:1056)
	at java.util.concurrent.ForkJoinPool.runWorker(ForkJoinPool.java:1692)
	at java.util.concurrent.ForkJoinWorkerThread.run(ForkJoinWorkerThread.java:157)
2020-06-23 09:24:08,242 ERROR [SoapUI] An error occurred [com.eviware.soapui.plugins.auto.factories.AutoDiscoveryMethodFactory], see error log for details
2020-06-23 09:24:08,243 ERROR [errorlog] java.lang.ClassNotFoundException: com.eviware.soapui.plugins.auto.factories.AutoDiscoveryMethodFactory
java.lang.ClassNotFoundException: com.eviware.soapui.plugins.auto.factories.AutoDiscoveryMethodFactory
	at org.codehaus.plexus.classworlds.strategy.SelfFirstStrategy.loadClass(SelfFirstStrategy.java:50)
	at org.codehaus.plexus.classworlds.realm.ClassRealm.unsynchronizedLoadClass(ClassRealm.java:271)
	at org.codehaus.plexus.classworlds.realm.ClassRealm.loadClass(ClassRealm.java:247)
	at org.codehaus.plexus.classworlds.realm.ClassRealm.loadClass(ClassRealm.java:239)
	at java.lang.Class.forName0(Native Method)
	at java.lang.Class.forName(Class.java:264)
	at com.eviware.soapui.plugins.LoaderBase.loadAutoFactories(LoaderBase.java:113)
	at com.eviware.soapui.plugins.LoaderBase.loadFactories(LoaderBase.java:80)
	at com.eviware.soapui.plugins.PluginLoader.loadPluginFactories(PluginLoader.java:141)
	at com.eviware.soapui.plugins.PluginLoader.loadPlugin(PluginLoader.java:104)
	at com.eviware.soapui.plugins.PluginLoader.loadPlugin(PluginLoader.java:54)
	at com.eviware.soapui.plugins.PluginManager.doInstallPlugin(PluginManager.java:141)
	at com.eviware.soapui.plugins.PluginManager.access$600(PluginManager.java:43)
	at com.eviware.soapui.plugins.PluginManager$LoadPluginsTask.computeSequentially(PluginManager.java:420)
	at com.eviware.soapui.plugins.PluginManager$LoadPluginsTask.compute(PluginManager.java:377)
	at com.eviware.soapui.plugins.PluginManager$LoadPluginsTask.compute(PluginManager.java:382)
	at com.eviware.soapui.plugins.PluginManager$LoadPluginsTask.compute(PluginManager.java:365)
	at java.util.concurrent.RecursiveTask.exec(RecursiveTask.java:94)
	at java.util.concurrent.ForkJoinTask.doExec(ForkJoinTask.java:289)
	at java.util.concurrent.ForkJoinPool$WorkQueue.runTask(ForkJoinPool.java:1056)
	at java.util.concurrent.ForkJoinPool.runWorker(ForkJoinPool.java:1692)
	at java.util.concurrent.ForkJoinWorkerThread.run(ForkJoinWorkerThread.java:157)
2020-06-23 09:24:08,368 INFO  [PluginManager] 5 plugins loaded in 4120 ms
2020-06-23 09:24:08,368 INFO  [DefaultSoapUICore] All plugins loaded
2020-06-23 09:24:09,439 INFO  [WsdlProject] Loaded project from [file:/C:/Users/NymishaNunna/Desktop/projects/REST_PROJECT/REST-Project-soapui-project.xml]
2020-06-23 09:24:09,446 INFO  [SoapUITestCaseRunner] Running SoapUI tests in project [REST Project]
2020-06-23 09:24:09,447 INFO  [SoapUITestCaseRunner] Running Project [REST Project], runType = SEQUENTIAL
2020-06-23 09:24:09,462 INFO  [SoapUITestCaseRunner] Running SoapUI testcase [GetAccessToken]
2020-06-23 09:24:09,479 INFO  [SoapUITestCaseRunner] running step [CallAccessToken]
2020-06-23 09:24:10,781 INFO  [log] 200
2020-06-23 09:24:10,787 INFO  [log] {"success":1,"error":[],"data":{"access_token":"fbf1c66bb0223202804023c767080464ae45fb5c","expires_in":86400,"token_type":"Bearer"}}
2020-06-23 09:24:10,896 INFO  [SoapUITestCaseRunner] Assertion [Valid HTTP Status Codes] has status VALID
2020-06-23 09:24:10,896 INFO  [SoapUITestCaseRunner] Assertion [Script Assertion] has status VALID
2020-06-23 09:24:10,898 INFO  [SoapUITestCaseRunner] Assertion [Contains] has status VALID
2020-06-23 09:24:10,902 INFO  [SoapUITestCaseRunner] Finished running SoapUI testcase [GetAccessToken], time taken: 869ms, status: FINISHED
2020-06-23 09:24:10,907 INFO  [SoapUITestCaseRunner] Running SoapUI testcase [AdminUser]
2020-06-23 09:24:10,908 INFO  [SoapUITestCaseRunner] running step [Login]
2020-06-23 09:24:11,329 INFO  [log] 200
2020-06-23 09:24:11,329 INFO  [log] {"success":1,"error":[],"data":{"user_id":"1","user_group_id":"1","username":"upskills_admin","firstname":"John","lastname":"Doe","email":"probitstechnologies@gmail.com","image":"","ip":"1.22.117.249","status":"1","date_added":"2019-11-11 07:59:33","user_group":"Administrator"}}
2020-06-23 09:24:11,335 INFO  [log] upskills_admin
2020-06-23 09:24:11,335 INFO  [log] upskills_admin
2020-06-23 09:24:11,336 INFO  [SoapUITestCaseRunner] Assertion [Script Assertion] has status VALID
2020-06-23 09:24:11,336 INFO  [SoapUITestCaseRunner] running step [CallGetUser]
2020-06-23 09:24:11,738 INFO  [log] 200
2020-06-23 09:24:11,739 INFO  [log] {"success":1,"error":[],"data":{"user_id":"1","user_group_id":"1","username":"upskills_admin","firstname":"John","lastname":"Doe","email":"probitstechnologies@gmail.com","image":"","ip":"1.22.117.249","status":"1","date_added":"2019-11-11 07:59:33","user_group":"Administrator"}}
2020-06-23 09:24:11,742 INFO  [log] upskills_admin
2020-06-23 09:24:11,745 INFO  [log] upskills_admin
2020-06-23 09:24:11,745 INFO  [SoapUITestCaseRunner] Assertion [Script Assertion] has status VALID
2020-06-23 09:24:11,746 INFO  [SoapUITestCaseRunner] running step [Logout]
2020-06-23 09:24:12,148 INFO  [log] 200
2020-06-23 09:24:12,149 INFO  [log] {"success":1,"error":[],"data":[]}
2020-06-23 09:24:12,151 INFO  [log] 1
2020-06-23 09:24:12,152 INFO  [SoapUITestCaseRunner] Assertion [Script Assertion] has status VALID
2020-06-23 09:24:12,155 INFO  [SoapUITestCaseRunner] Finished running SoapUI testcase [AdminUser], time taken: 1058ms, status: FINISHED
2020-06-23 09:24:12,156 INFO  [SoapUITestCaseRunner] Running SoapUI testcase [Execute_AdminUser]
2020-06-23 09:24:12,157 INFO  [SoapUITestCaseRunner] running step [PassAdminCredentials]
2020-06-23 09:24:12,446 INFO  [log] upskills_admin
2020-06-23 09:24:12,446 INFO  [log] Talent4$$
2020-06-23 09:24:12,457 INFO  [SoapUITestCaseRunner] Running SoapUI testcase [AdminUser]
2020-06-23 09:24:12,458 INFO  [SoapUITestCaseRunner] running step [Login]
2020-06-23 09:24:12,835 INFO  [log] 200
2020-06-23 09:24:12,836 INFO  [log] {"success":1,"error":[],"data":{"user_id":"1","user_group_id":"1","username":"upskills_admin","firstname":"John","lastname":"Doe","email":"probitstechnologies@gmail.com","image":"","ip":"1.22.117.249","status":"1","date_added":"2019-11-11 07:59:33","user_group":"Administrator"}}
2020-06-23 09:24:12,844 INFO  [log] upskills_admin
2020-06-23 09:24:12,846 INFO  [log] upskills_admin
2020-06-23 09:24:12,848 INFO  [SoapUITestCaseRunner] Assertion [Script Assertion] has status VALID
2020-06-23 09:24:12,850 INFO  [SoapUITestCaseRunner] running step [CallGetUser]
2020-06-23 09:24:13,239 INFO  [log] 200
2020-06-23 09:24:13,239 INFO  [log] {"success":1,"error":[],"data":{"user_id":"1","user_group_id":"1","username":"upskills_admin","firstname":"John","lastname":"Doe","email":"probitstechnologies@gmail.com","image":"","ip":"1.22.117.249","status":"1","date_added":"2019-11-11 07:59:33","user_group":"Administrator"}}
2020-06-23 09:24:13,246 INFO  [log] upskills_admin
2020-06-23 09:24:13,246 INFO  [log] upskills_admin
2020-06-23 09:24:13,247 INFO  [SoapUITestCaseRunner] Assertion [Script Assertion] has status VALID
2020-06-23 09:24:13,249 INFO  [SoapUITestCaseRunner] running step [Logout]
2020-06-23 09:24:13,653 INFO  [log] 200
2020-06-23 09:24:13,653 INFO  [log] {"success":1,"error":[],"data":[]}
2020-06-23 09:24:13,654 INFO  [log] 1
2020-06-23 09:24:13,658 INFO  [SoapUITestCaseRunner] Assertion [Script Assertion] has status VALID
2020-06-23 09:24:13,659 INFO  [SoapUITestCaseRunner] Finished running SoapUI testcase [AdminUser], time taken: 1110ms, status: FINISHED
2020-06-23 09:24:13,673 INFO  [log] Status : FINISHED, time taken for testcase is 1110 ms
2020-06-23 09:24:13,683 INFO  [log] number of tets steps executed are : 3
2020-06-23 09:24:13,684 INFO  [SoapUITestCaseRunner] Finished running SoapUI testcase [Execute_AdminUser], time taken: 1526ms, status: FINISHED
2020-06-23 09:24:13,686 INFO  [SoapUITestCaseRunner] Running SoapUI testcase [AdminLogin]
2020-06-23 09:24:13,687 INFO  [SoapUITestCaseRunner] running step [CallAdminLogin]
2020-06-23 09:24:14,042 INFO  [SoapUITestCaseRunner] Finished running SoapUI testcase [AdminLogin], time taken: 344ms, status: FINISHED
2020-06-23 09:24:14,044 INFO  [SoapUITestCaseRunner] Running SoapUI testcase [AdminLogout]
2020-06-23 09:24:14,045 INFO  [SoapUITestCaseRunner] running step [CallAdminLogout]
2020-06-23 09:24:14,351 WARN  [HttpClientSupport$SoapUIHttpClient] Authentication error: Unable to respond to any of these challenges: {}
2020-06-23 09:24:14,361 INFO  [SoapUITestCaseRunner] Finished running SoapUI testcase [AdminLogout], time taken: 302ms, status: FINISHED
2020-06-23 09:24:14,384 INFO  [SoapUITestCaseRunner] Running SoapUI testcase [GetAccessToken]
2020-06-23 09:24:14,385 INFO  [SoapUITestCaseRunner] running step [CallAccessToken]
2020-06-23 09:24:14,775 INFO  [log] 200
2020-06-23 09:24:14,777 INFO  [log] {"success":1,"error":[],"data":{"access_token":"4a3029b45649b18cd5b61f54eca9a9a8a23fcfa6","expires_in":86400,"token_type":"Bearer"}}
2020-06-23 09:24:14,790 INFO  [SoapUITestCaseRunner] Assertion [Valid HTTP Status Codes] has status VALID
2020-06-23 09:24:14,795 INFO  [SoapUITestCaseRunner] Assertion [Script Assertion] has status VALID
2020-06-23 09:24:14,797 INFO  [SoapUITestCaseRunner] Assertion [Contains] has status VALID
2020-06-23 09:24:14,800 INFO  [SoapUITestCaseRunner] Finished running SoapUI testcase [GetAccessToken], time taken: 370ms, status: FINISHED
2020-06-23 09:24:14,803 INFO  [SoapUITestCaseRunner] Running SoapUI testcase [AdminLogin]
2020-06-23 09:24:14,807 INFO  [SoapUITestCaseRunner] running step [CallAdminLogin]
2020-06-23 09:24:15,198 INFO  [SoapUITestCaseRunner] Finished running SoapUI testcase [AdminLogin], time taken: 362ms, status: FINISHED
2020-06-23 09:24:15,203 INFO  [SoapUITestCaseRunner] Running SoapUI testcase [E2E_Ordering_TC30]
2020-06-23 09:24:15,206 INFO  [SoapUITestCaseRunner] running step [CreateCustomer]
2020-06-23 09:24:15,646 INFO  [log] 924
2020-06-23 09:24:15,646 INFO  [SoapUITestCaseRunner] Assertion [Valid HTTP Status Codes] has status VALID
2020-06-23 09:24:15,651 INFO  [SoapUITestCaseRunner] Assertion [Script Assertion] has status VALID
2020-06-23 09:24:15,652 INFO  [SoapUITestCaseRunner] running step [AddProduct]
2020-06-23 09:24:16,033 INFO  [log] 1532
2020-06-23 09:24:16,034 INFO  [SoapUITestCaseRunner] Assertion [Valid HTTP Status Codes] has status VALID
2020-06-23 09:24:16,036 INFO  [SoapUITestCaseRunner] Assertion [Script Assertion] has status VALID
2020-06-23 09:24:16,039 INFO  [SoapUITestCaseRunner] running step [CreateOrder]
2020-06-23 09:24:16,958 INFO  [log] {"success":1,"error":[],"data":{"id":388}}
2020-06-23 09:24:16,959 INFO  [SoapUITestCaseRunner] Assertion [Script Assertion] has status VALID
2020-06-23 09:24:16,960 INFO  [SoapUITestCaseRunner] Assertion [Valid HTTP Status Codes] has status VALID
2020-06-23 09:24:16,964 INFO  [SoapUITestCaseRunner] running step [GetOrderById]
2020-06-23 09:24:17,354 INFO  [SoapUITestCaseRunner] Assertion [Valid HTTP Status Codes] has status VALID
2020-06-23 09:24:17,355 INFO  [SoapUITestCaseRunner] running step [GenerateInvoice]
2020-06-23 09:24:17,737 INFO  [SoapUITestCaseRunner] Assertion [Valid HTTP Status Codes] has status VALID
2020-06-23 09:24:17,738 INFO  [SoapUITestCaseRunner] Assertion [Contains] has status VALID
2020-06-23 09:24:17,742 INFO  [SoapUITestCaseRunner] running step [DeleteCustomer]
2020-06-23 09:24:18,145 INFO  [SoapUITestCaseRunner] Assertion [Valid HTTP Status Codes] has status VALID
2020-06-23 09:24:18,147 INFO  [SoapUITestCaseRunner] running step [DeleteProduct]
2020-06-23 09:24:18,557 INFO  [SoapUITestCaseRunner] Assertion [Valid HTTP Status Codes] has status VALID
2020-06-23 09:24:18,602 INFO  [SoapUITestCaseRunner] Running SoapUI testcase [AdminLogout]
2020-06-23 09:24:18,603 INFO  [SoapUITestCaseRunner] running step [CallAdminLogout]
2020-06-23 09:24:18,953 WARN  [HttpClientSupport$SoapUIHttpClient] Authentication error: Unable to respond to any of these challenges: {}
2020-06-23 09:24:18,964 INFO  [SoapUITestCaseRunner] Finished running SoapUI testcase [AdminLogout], time taken: 345ms, status: FINISHED
2020-06-23 09:24:18,969 INFO  [SoapUITestCaseRunner] Finished running SoapUI testcase [E2E_Ordering_TC30], time taken: 2987ms, status: FINISHED
2020-06-23 09:24:19,011 INFO  [SoapUITestCaseRunner] Running SoapUI testcase [GetAccessToken]
2020-06-23 09:24:19,012 INFO  [SoapUITestCaseRunner] running step [CallAccessToken]
2020-06-23 09:24:19,352 INFO  [log] 200
2020-06-23 09:24:19,353 INFO  [log] {"success":1,"error":[],"data":{"access_token":"b6252b9801f2d81bd1f5edfc7a091bd01cabaf71","expires_in":86400,"token_type":"Bearer"}}
2020-06-23 09:24:19,362 INFO  [SoapUITestCaseRunner] Assertion [Valid HTTP Status Codes] has status VALID
2020-06-23 09:24:19,363 INFO  [SoapUITestCaseRunner] Assertion [Script Assertion] has status VALID
2020-06-23 09:24:19,369 INFO  [SoapUITestCaseRunner] Assertion [Contains] has status VALID
2020-06-23 09:24:19,379 INFO  [SoapUITestCaseRunner] Finished running SoapUI testcase [GetAccessToken], time taken: 317ms, status: FINISHED
2020-06-23 09:24:19,385 INFO  [SoapUITestCaseRunner] Running SoapUI testcase [AdminLogin]
2020-06-23 09:24:19,392 INFO  [SoapUITestCaseRunner] running step [CallAdminLogin]
2020-06-23 09:24:19,790 INFO  [SoapUITestCaseRunner] Finished running SoapUI testcase [AdminLogin], time taken: 373ms, status: FINISHED
2020-06-23 09:24:19,792 INFO  [SoapUITestCaseRunner] Running SoapUI testcase [E2E_DataDriven_TC31]
2020-06-23 09:24:19,800 INFO  [SoapUITestCaseRunner] running step [ExcelData]
2020-06-23 09:24:20,019 INFO  [log]  Total number of rows 2
2020-06-23 09:24:20,019 INFO  [log]  Total number of columns 2
2020-06-23 09:24:20,021 INFO  [log] nymishnn@gmail.com
2020-06-23 09:24:20,025 INFO  [log] prodtvk
2020-06-23 09:24:20,027 INFO  [SoapUITestCaseRunner] Running SoapUI testcase [GetAccessToken]
2020-06-23 09:24:20,027 INFO  [SoapUITestCaseRunner] running step [CallAccessToken]
2020-06-23 09:24:20,400 INFO  [log] 200
2020-06-23 09:24:20,402 INFO  [log] {"success":1,"error":[],"data":{"access_token":"4ed86ee0cbbb7e98b773694332cced687c44e346","expires_in":86400,"token_type":"Bearer"}}
2020-06-23 09:24:20,411 INFO  [SoapUITestCaseRunner] Assertion [Valid HTTP Status Codes] has status VALID
2020-06-23 09:24:20,412 INFO  [SoapUITestCaseRunner] Assertion [Script Assertion] has status VALID
2020-06-23 09:24:20,418 INFO  [SoapUITestCaseRunner] Assertion [Contains] has status VALID
2020-06-23 09:24:20,421 INFO  [SoapUITestCaseRunner] Finished running SoapUI testcase [GetAccessToken], time taken: 359ms, status: FINISHED
2020-06-23 09:24:20,422 INFO  [SoapUITestCaseRunner] Running SoapUI testcase [AdminLogin]
2020-06-23 09:24:20,427 INFO  [SoapUITestCaseRunner] running step [CallAdminLogin]
2020-06-23 09:24:20,814 INFO  [SoapUITestCaseRunner] Finished running SoapUI testcase [AdminLogin], time taken: 371ms, status: FINISHED
2020-06-23 09:24:20,818 INFO  [SoapUITestCaseRunner] Running SoapUI testcase [E2E_Ordering_TC30]
2020-06-23 09:24:20,825 INFO  [SoapUITestCaseRunner] running step [CreateCustomer]
2020-06-23 09:24:21,219 INFO  [log] 925
2020-06-23 09:24:21,220 INFO  [SoapUITestCaseRunner] Assertion [Valid HTTP Status Codes] has status VALID
2020-06-23 09:24:21,221 INFO  [SoapUITestCaseRunner] Assertion [Script Assertion] has status VALID
2020-06-23 09:24:21,226 INFO  [SoapUITestCaseRunner] running step [AddProduct]
2020-06-23 09:24:21,569 INFO  [log] 1533
2020-06-23 09:24:21,572 INFO  [SoapUITestCaseRunner] Assertion [Valid HTTP Status Codes] has status VALID
2020-06-23 09:24:21,577 INFO  [SoapUITestCaseRunner] Assertion [Script Assertion] has status VALID
2020-06-23 09:24:21,581 INFO  [SoapUITestCaseRunner] running step [CreateOrder]
2020-06-23 09:24:22,345 INFO  [log] {"success":1,"error":[],"data":{"id":389}}
2020-06-23 09:24:22,350 INFO  [SoapUITestCaseRunner] Assertion [Script Assertion] has status VALID
2020-06-23 09:24:22,352 INFO  [SoapUITestCaseRunner] Assertion [Valid HTTP Status Codes] has status VALID
2020-06-23 09:24:22,359 INFO  [SoapUITestCaseRunner] running step [GetOrderById]
2020-06-23 09:24:22,790 INFO  [SoapUITestCaseRunner] Assertion [Valid HTTP Status Codes] has status VALID
2020-06-23 09:24:22,791 INFO  [SoapUITestCaseRunner] running step [GenerateInvoice]
2020-06-23 09:24:23,164 INFO  [SoapUITestCaseRunner] Assertion [Valid HTTP Status Codes] has status VALID
2020-06-23 09:24:23,165 INFO  [SoapUITestCaseRunner] Assertion [Contains] has status VALID
2020-06-23 09:24:23,171 INFO  [SoapUITestCaseRunner] running step [DeleteCustomer]
2020-06-23 09:24:23,573 INFO  [SoapUITestCaseRunner] Assertion [Valid HTTP Status Codes] has status VALID
2020-06-23 09:24:23,575 INFO  [SoapUITestCaseRunner] running step [DeleteProduct]
2020-06-23 09:24:23,982 INFO  [SoapUITestCaseRunner] Assertion [Valid HTTP Status Codes] has status VALID
2020-06-23 09:24:23,986 INFO  [SoapUITestCaseRunner] Running SoapUI testcase [AdminLogout]
2020-06-23 09:24:23,988 INFO  [SoapUITestCaseRunner] running step [CallAdminLogout]
2020-06-23 09:24:24,386 WARN  [HttpClientSupport$SoapUIHttpClient] Authentication error: Unable to respond to any of these challenges: {}
2020-06-23 09:24:24,408 INFO  [SoapUITestCaseRunner] Finished running SoapUI testcase [AdminLogout], time taken: 400ms, status: FINISHED
2020-06-23 09:24:24,410 INFO  [SoapUITestCaseRunner] Finished running SoapUI testcase [E2E_Ordering_TC30], time taken: 2957ms, status: FINISHED
2020-06-23 09:24:24,420 INFO  [log] Status : FINISHED, time taken for testcase is 2957 ms
2020-06-23 09:24:24,427 INFO  [log] number of tets steps executed are : 7
2020-06-23 09:24:24,449 INFO  [log] 7
2020-06-23 09:24:24,472 INFO  [SoapUITestCaseRunner] Running SoapUI testcase [AdminLogout]
2020-06-23 09:24:24,473 INFO  [SoapUITestCaseRunner] running step [CallAdminLogout]
2020-06-23 09:24:24,805 WARN  [HttpClientSupport$SoapUIHttpClient] Authentication error: Unable to respond to any of these challenges: {}
2020-06-23 09:24:24,828 INFO  [SoapUITestCaseRunner] Finished running SoapUI testcase [AdminLogout], time taken: 343ms, status: FINISHED
2020-06-23 09:24:24,831 INFO  [SoapUITestCaseRunner] Finished running SoapUI testcase [E2E_DataDriven_TC31], time taken: 4645ms, status: FINISHED
2020-06-23 09:24:24,845 INFO  [SoapUITestCaseRunner] Running SoapUI testcase [E2E_DataBase_TC32]
2020-06-23 09:24:24,847 INFO  [SoapUITestCaseRunner] running step [DB_Connect_Script]
2020-06-23 09:24:25,114 INFO  [log] praharshan@gmail.com
2020-06-23 09:24:25,115 INFO  [log] ModernTable
2020-06-23 09:24:25,119 INFO  [SoapUITestCaseRunner] Running SoapUI testcase [GetAccessToken]
2020-06-23 09:24:25,121 INFO  [SoapUITestCaseRunner] running step [CallAccessToken]
2020-06-23 09:24:25,523 INFO  [log] 200
2020-06-23 09:24:25,524 INFO  [log] {"success":1,"error":[],"data":{"access_token":"8303088befdf31874abab21a336b33bf93b9ef5c","expires_in":86400,"token_type":"Bearer"}}
2020-06-23 09:24:25,530 INFO  [SoapUITestCaseRunner] Assertion [Valid HTTP Status Codes] has status VALID
2020-06-23 09:24:25,535 INFO  [SoapUITestCaseRunner] Assertion [Script Assertion] has status VALID
2020-06-23 09:24:25,536 INFO  [SoapUITestCaseRunner] Assertion [Contains] has status VALID
2020-06-23 09:24:25,541 INFO  [SoapUITestCaseRunner] Finished running SoapUI testcase [GetAccessToken], time taken: 388ms, status: FINISHED
2020-06-23 09:24:25,542 INFO  [SoapUITestCaseRunner] Running SoapUI testcase [AdminLogin]
2020-06-23 09:24:25,543 INFO  [SoapUITestCaseRunner] running step [CallAdminLogin]
2020-06-23 09:24:25,950 INFO  [SoapUITestCaseRunner] Finished running SoapUI testcase [AdminLogin], time taken: 387ms, status: FINISHED
2020-06-23 09:24:25,952 INFO  [SoapUITestCaseRunner] Running SoapUI testcase [E2E_Ordering_TC30]
2020-06-23 09:24:25,959 INFO  [SoapUITestCaseRunner] running step [CreateCustomer]
2020-06-23 09:24:26,356 INFO  [log] 926
2020-06-23 09:24:26,357 INFO  [SoapUITestCaseRunner] Assertion [Valid HTTP Status Codes] has status VALID
2020-06-23 09:24:26,359 INFO  [SoapUITestCaseRunner] Assertion [Script Assertion] has status VALID
2020-06-23 09:24:26,363 INFO  [SoapUITestCaseRunner] running step [AddProduct]
2020-06-23 09:24:26,754 INFO  [log] 1534
2020-06-23 09:24:26,756 INFO  [SoapUITestCaseRunner] Assertion [Valid HTTP Status Codes] has status VALID
2020-06-23 09:24:26,759 INFO  [SoapUITestCaseRunner] Assertion [Script Assertion] has status VALID
2020-06-23 09:24:26,769 INFO  [SoapUITestCaseRunner] running step [CreateOrder]
2020-06-23 09:24:27,475 INFO  [log] {"success":1,"error":[],"data":{"id":390}}
2020-06-23 09:24:27,479 INFO  [SoapUITestCaseRunner] Assertion [Script Assertion] has status VALID
2020-06-23 09:24:27,490 INFO  [SoapUITestCaseRunner] Assertion [Valid HTTP Status Codes] has status VALID
2020-06-23 09:24:27,494 INFO  [SoapUITestCaseRunner] running step [GetOrderById]
2020-06-23 09:24:27,918 INFO  [SoapUITestCaseRunner] Assertion [Valid HTTP Status Codes] has status VALID
2020-06-23 09:24:27,919 INFO  [SoapUITestCaseRunner] running step [GenerateInvoice]
2020-06-23 09:24:28,304 INFO  [SoapUITestCaseRunner] Assertion [Valid HTTP Status Codes] has status VALID
2020-06-23 09:24:28,305 INFO  [SoapUITestCaseRunner] Assertion [Contains] has status VALID
2020-06-23 09:24:28,310 INFO  [SoapUITestCaseRunner] running step [DeleteCustomer]
2020-06-23 09:24:28,692 INFO  [SoapUITestCaseRunner] Assertion [Valid HTTP Status Codes] has status VALID
2020-06-23 09:24:28,696 INFO  [SoapUITestCaseRunner] running step [DeleteProduct]
2020-06-23 09:24:29,102 INFO  [SoapUITestCaseRunner] Assertion [Valid HTTP Status Codes] has status VALID
2020-06-23 09:24:29,106 INFO  [SoapUITestCaseRunner] Running SoapUI testcase [AdminLogout]
2020-06-23 09:24:29,108 INFO  [SoapUITestCaseRunner] running step [CallAdminLogout]
2020-06-23 09:24:29,507 WARN  [HttpClientSupport$SoapUIHttpClient] Authentication error: Unable to respond to any of these challenges: {}
2020-06-23 09:24:29,531 INFO  [SoapUITestCaseRunner] Finished running SoapUI testcase [AdminLogout], time taken: 402ms, status: FINISHED
2020-06-23 09:24:29,534 INFO  [SoapUITestCaseRunner] Finished running SoapUI testcase [E2E_Ordering_TC30], time taken: 2904ms, status: FINISHED
2020-06-23 09:24:29,548 INFO  [SoapUITestCaseRunner] Finished running SoapUI testcase [E2E_DataBase_TC32], time taken: 4697ms, status: FINISHED
2020-06-23 09:24:29,555 INFO  [SoapUITestCaseRunner] Project [REST Project] finished with status [FINISHED] in 20099ms
2020-06-23 09:24:32,706 WARN  [Tools] Could not delete temporary directory C:\Users\NYMISH~1\AppData\Local\Temp\aa681bfe-c8b3-4a53-9ce7-5db7837f4eb2
2020-06-23 09:24:32,715 WARN  [Tools] Could not delete temporary directory C:\Users\NYMISH~1\AppData\Local\Temp\85957c89-6f90-41cb-98b7-1ecb4664efc2
